
0401/07/102/392
0601/02/100/506
0101/06/406/1510-1
0801/08/102/297
0801/06/102/389
0801/07/102/406
0801/07/102/420
0801/08/102/69
0801/08/102/168
0801/08/102/196
0801/08/102/229
0501/07/114/261
1601/07/406/6339/1
1601/07/406/6339/2
0201/07/414/29
0801/07/406/891-2
1501/07/114/57
0402/07/406/586
1401/07/414/147
0801/07/102/356
07-42
0402/07/414/3
1101/07/414/80
1501/07/113/38
1101/07/114/17
1101/07/414/43
1401/07/114/305
0801/07/414/38
0501/07/114/290
1101/07/406/125-4
1101/07/406/125-5
1101/07/406/125-6
1401/07/406/932
1401/07/102/202
1401/06/104/11
1401/06/102/321
1401/07/102/236
1401/07/102/70-1
1401/07/102/70-2
0801/08/102/16
0801/07/102/147
0801/07/102/229
0101/07/113/7
0805/05/113/24
1401/07/102/197
1401/07/102/64-1
1401/07/102/64-2
1401/07/102/229-1
1401/07/406/1362-1
0801/07/406/670-2
0201/07/406/179-1
0201/07/406/179-2
0201/07/406/179-3
0201/07/406/179-4
1101/06/406/175-1
0401/02/110/274
0401/02/110/307
0401/03/110/130
0401/03/110/148
0401/03/110/64
0401/04/110/55
0402/07/414/9
1401/07/406/680
1301/07/2114/2
1301/06/414/9
1301/07/414/32
1301/07/414/47
0501/06/414/190
0801/07/406/749
0402/07/406/246
0402/07/406/849-2
0402/07/406/849-3
0801/07/406/99-1
0402/07/406/598
0402/07/114/56
0801/07/406/945
1301/07/513/3
1101/07/406/176
1101/06/414/60
1501/07/113/40
1401/07/114/128
1501/07/114/64
1401/07/406/494-1
1401/07/406/494-2
0402/07/406/63-1
1401/07/406/1032-1
1401/07/406/707-1
1401/07/406/1226-1
1401/07/406/1226-2
0501/06/105/96
0501/07/406/531
1401/07/406/1419-1
1501/07/114/91
0201/06/406/372
0402/07/406/168-1
0402/07/414/35
1501/06/114/509
0501/07/414/47
1101/07/114/28
1101/07/505/27
0401/07/406/269-1
0601/07/406/3840-1
0402/07/114/10
1301/07/414/19
0402/07/414/7-1
0402/07/414/7-2
0402/07/406/826
1401/07/114/324
0801/07/414/126
0402/07/414/25-2
1401/07/414/133
1401/07/114/184
1401/07/406/717-1
0402/07/406/593-1
0402/07/406/593-3
1401/07/114/57
0201/07/406/542-1
0201/07/406/542-2
0501/06/414/60
0501/06/414/409
0201/07/406/504-1
1401/07/406/1190
1101/07/414/23
0801/07/406/325-1
0801/07/406/242-1
0501/07/2114/20
0501/07/414/199
1501/02/KRED/193
0501/07/414/95
0201/07/406/482-1
0201/07/406/482-2
0201/07/406/482-3
0201/07/406/482-4
0201/07/406/482-5
0101/06/406/1448-1
0201/07/406/326-1
1401/07/114/255
0501/07/114/370
1101/07/406/310-1
1101/07/406/310-2
0402/07/406/832-4
1401/06/406/1256-1
1401/07/114/306
1301/07/414/17
1301/07/414/26
0401/07/113/65
0401/07/406/1042-1
0401/07/406/1042-2
0501/07/114/341
1401/07/114/96
0801/07/114/182
1101/07/414/27
1101/07/414/28
0402/07/406/761-1
1501/07/114/222
0801/07/406/574-1
1501/07/114/60
0402/07/406/873-1
296
1301/07/406/544-1
1401/07/406/911-1
1401/07/406/911-3
1401/07/406/911-2
0701/07/114/41
0901/07/114/1737
1101/07/406/49-1
1101/07/406/212-1
1401/07/414/88
1401/07/406/1133-1
1401/07/406/1171-1
1401/07/406/1171-2
1101/07/406/341-1
0601/07/414/4437
0501/07/406/272
0501/07/414/189
0501/06/414/351
0402/07/406/693
1301/07/406/503-1
0801/07/406/926-1
0402/07/414/24
1501/07/114/84
0201/07/406/476-2
0201/07/406/476-1
0501/07/414/123
0402/07/406/437-1
0201/07/406/505-1
0201/07/406/505-2
0201/07/406/505-3
1101/07/414/22
0402/07/406/526-2
1101/07/406/133-2
0501/06/414/425
0501/07/406/714
1101/07/406/167-1
1101/07/406/167-2
0402/07/406/498
1501/07/414/46
1501/07/406/269-1
1501/07/406/342-1
0601/07/114/2178
